<?xml version="1.0" encoding="UTF-8"?>
<!-- Generated by org.testng.reporters.JUnitReportReporter -->
<testsuite hostname="DESKTOP-N4ID275" failures="0" tests="1" name="hash_Test.HashtagTEST" time="2.682" errors="0" timestamp="18 Jul 2023 06:57:03 GMT" skipped="0">
  <testcase classname="hash_Test.HashtagTEST" name="Test" time="2.682"/>
</testsuite> <!-- hash_Test.HashtagTEST -->
